# JRE version: Java(TM) SE Runtime Environment 18.9 (11.0.13+10) (build 11.0.13+10-LTS-370)
# Java VM: Java HotSpot(TM) 64-Bit Server VM 18.9 (11.0.13+10-LTS-370, mixed mode, tiered, compressed oops, g1 gc, windows-amd64)
Heap:
 garbage-first heap   total 65536K, used 42713K [0x00000000c1400000, 0x0000000100000000)
  region size 1024K, 31 young (31744K), 1 survivors (1024K)
 Metaspace       used 40539K, capacity 41551K, committed 41808K, reserved 1085440K
  class space    used 4650K, capacity 5040K, committed 5068K, reserved 1048576K
GC Heap History (10 events):
Event: 27.616 GC heap before
{Heap before GC invocations=9 (full 0):
 garbage-first heap   total 65536K, used 45990K [0x00000000c1400000, 0x0000000100000000)
  region size 1024K, 38 young (38912K), 3 survivors (3072K)
 Metaspace       used 28745K, capacity 29378K, committed 29564K, reserved 1075200K
  class space    used 3239K, capacity 3504K, committed 3532K, reserved 1048576K
}
Event: 27.624 GC heap after
{Heap after GC invocations=10 (full 0):
 garbage-first heap   total 65536K, used 11083K [0x00000000c1400000, 0x0000000100000000)
  region size 1024K, 4 young (4096K), 4 survivors (4096K)
 Metaspace       used 28745K, capacity 29378K, committed 29564K, reserved 1075200K
  class space    used 3239K, capacity 3504K, committed 3532K, reserved 1048576K
}
Event: 30.269 GC heap before
{Heap before GC invocations=10 (full 0):
 garbage-first heap   total 65536K, used 44875K [0x00000000c1400000, 0x0000000100000000)
  region size 1024K, 38 young (38912K), 4 survivors (4096K)
 Metaspace       used 32881K, capacity 33711K, committed 33788K, reserved 1079296K
  class space    used 3793K, capacity 4155K, committed 4172K, reserved 1048576K
}
Event: 30.284 GC heap after
{Heap after GC invocations=11 (full 0):
 garbage-first heap   total 65536K, used 13318K [0x00000000c1400000, 0x0000000100000000)
  region size 1024K, 5 young (5120K), 5 survivors (5120K)
 Metaspace       used 32881K, capacity 33711K, committed 33788K, reserved 1079296K
  class space    used 3793K, capacity 4155K, committed 4172K, reserved 1048576K
}
Event: 31.085 GC heap before
{Heap before GC invocations=11 (full 0):
 garbage-first heap   total 65536K, used 46086K [0x00000000c1400000, 0x0000000100000000)
  region size 1024K, 38 young (38912K), 5 survivors (5120K)
 Metaspace       used 33435K, capacity 34305K, committed 34428K, reserved 1079296K
  class space    used 3844K, capacity 4225K, committed 4300K, reserved 1048576K
}
Event: 31.097 GC heap after
{Heap after GC invocations=12 (full 0):
 garbage-first heap   total 65536K, used 13673K [0x00000000c1400000, 0x0000000100000000)
  region size 1024K, 3 young (3072K), 3 survivors (3072K)
 Metaspace       used 33435K, capacity 34305K, committed 34428K, reserved 1079296K
  class space    used 3844K, capacity 4225K, committed 4300K, reserved 1048576K
}
Event: 31.106 GC heap before
{Heap before GC invocations=12 (full 0):
 garbage-first heap   total 65536K, used 48489K [0x00000000c1400000, 0x0000000100000000)
  region size 1024K, 38 young (38912K), 3 survivors (3072K)
 Metaspace       used 33435K, capacity 34305K, committed 34428K, reserved 1079296K
  class space    used 3844K, capacity 4225K, committed 4300K, reserved 1048576K
}
Event: 31.114 GC heap after
{Heap after GC invocations=13 (full 0):
 garbage-first heap   total 65536K, used 13501K [0x00000000c1400000, 0x0000000100000000)
  region size 1024K, 3 young (3072K), 3 survivors (3072K)
 Metaspace       used 33435K, capacity 34305K, committed 34428K, reserved 1079296K
  class space    used 3844K, capacity 4225K, committed 4300K, reserved 1048576K
}
Event: 34.106 GC heap before
{Heap before GC invocations=13 (full 0):
 garbage-first heap   total 65536K, used 26813K [0x00000000c1400000, 0x0000000100000000)
  region size 1024K, 17 young (17408K), 3 survivors (3072K)
 Metaspace       used 35057K, capacity 35922K, committed 36048K, reserved 1081344K
  class space    used 4013K, capacity 4383K, committed 4428K, reserved 1048576K
}
Event: 34.119 GC heap after
{Heap after GC invocations=14 (full 0):
 garbage-first heap   total 65536K, used 14041K [0x00000000c1400000, 0x0000000100000000)
  region size 1024K, 1 young (1024K), 1 survivors (1024K)
 Metaspace       used 35057K, capacity 35922K, committed 36048K, reserved 1081344K
  class space    used 4013K, capacity 4383K, committed 4428K, reserved 1048576K
}

